Determining if the pthread_create exist failed with the following output:
Change Dir: /home/sathvik/hpcc/HPCC-Platform/plugin_build/CMakeFiles/CMakeTmp

Run Build Command(s):/usr/bin/make cmTC_b283b/fast 
/usr/bin/make -f CMakeFiles/cmTC_b283b.dir/build.make CMakeFiles/cmTC_b283b.dir/build
make[1]: Entering directory '/home/sathvik/hpcc/HPCC-Platform/plugin_build/CMakeFiles/CMakeTmp'
Building C object CMakeFiles/cmTC_b283b.dir/CheckSymbolExists.c.o
/usr/bin/cc    -o CMakeFiles/cmTC_b283b.dir/CheckSymbolExists.c.o   -c /home/sathvik/hpcc/HPCC-Platform/plugin_build/CMakeFiles/CMakeTmp/CheckSymbolExists.c
Linking C executable cmTC_b283b
/usr/local/bin/cmake -E cmake_link_script CMakeFiles/cmTC_b283b.dir/link.txt --verbose=1
/usr/bin/cc      CMakeFiles/cmTC_b283b.dir/CheckSymbolExists.c.o  -o cmTC_b283b 
CMakeFiles/cmTC_b283b.dir/CheckSymbolExists.c.o: In function `main':
CheckSymbolExists.c:(.text+0x1b): undefined reference to `pthread_create'
collect2: error: ld returned 1 exit status
CMakeFiles/cmTC_b283b.dir/build.make:86: recipe for target 'cmTC_b283b' failed
make[1]: *** [cmTC_b283b] Error 1
make[1]: Leaving directory '/home/sathvik/hpcc/HPCC-Platform/plugin_build/CMakeFiles/CMakeTmp'
Makefile:121: recipe for target 'cmTC_b283b/fast' failed
make: *** [cmTC_b283b/fast] Error 2

File /home/sathvik/hpcc/HPCC-Platform/plugin_build/CMakeFiles/CMakeTmp/CheckSymbolExists.c:
/* */
#include <pthread.h>

int main(int argc, char** argv)
{
  (void)argv;
#ifndef pthread_create
  return ((int*)(&pthread_create))[argc];
#else
  (void)argc;
  return 0;
#endif
}

Determining if the function pthread_create exists in the pthreads failed with the following output:
Change Dir: /home/sathvik/hpcc/HPCC-Platform/plugin_build/CMakeFiles/CMakeTmp

Run Build Command(s):/usr/bin/make cmTC_6a9a4/fast 
/usr/bin/make -f CMakeFiles/cmTC_6a9a4.dir/build.make CMakeFiles/cmTC_6a9a4.dir/build
make[1]: Entering directory '/home/sathvik/hpcc/HPCC-Platform/plugin_build/CMakeFiles/CMakeTmp'
Building C object CMakeFiles/cmTC_6a9a4.dir/CheckFunctionExists.c.o
/usr/bin/cc   -DCHECK_FUNCTION_EXISTS=pthread_create   -o CMakeFiles/cmTC_6a9a4.dir/CheckFunctionExists.c.o   -c /usr/local/share/cmake-3.14/Modules/CheckFunctionExists.c
Linking C executable cmTC_6a9a4
/usr/local/bin/cmake -E cmake_link_script CMakeFiles/cmTC_6a9a4.dir/link.txt --verbose=1
/usr/bin/cc  -DCHECK_FUNCTION_EXISTS=pthread_create    CMakeFiles/cmTC_6a9a4.dir/CheckFunctionExists.c.o  -o cmTC_6a9a4 -lpthreads 
/usr/bin/ld: cannot find -lpthreads
collect2: error: ld returned 1 exit status
CMakeFiles/cmTC_6a9a4.dir/build.make:86: recipe for target 'cmTC_6a9a4' failed
make[1]: *** [cmTC_6a9a4] Error 1
make[1]: Leaving directory '/home/sathvik/hpcc/HPCC-Platform/plugin_build/CMakeFiles/CMakeTmp'
Makefile:121: recipe for target 'cmTC_6a9a4/fast' failed
make: *** [cmTC_6a9a4/fast] Error 2


